(C:\Users\victorhuang\Anaconda3) C:\Users\victorhuang\Desktop\ML\ML2017FALL\HW\hw3>python train.py
Using TensorFlow backend.
(28709, 48, 48, 1)
_________________________________________________________________
Layer (type)                 Output Shape              Param #
=================================================================
conv2d_1 (Conv2D)            (None, 48, 48, 64)        640
_________________________________________________________________
conv2d_2 (Conv2D)            (None, 48, 48, 64)        36928
_________________________________________________________________
max_pooling2d_1 (MaxPooling2 (None, 24, 24, 64)        0
_________________________________________________________________
conv2d_3 (Conv2D)            (None, 24, 24, 64)        36928
_________________________________________________________________
conv2d_4 (Conv2D)            (None, 24, 24, 64)        36928
_________________________________________________________________
max_pooling2d_2 (MaxPooling2 (None, 12, 12, 64)        0
_________________________________________________________________
conv2d_5 (Conv2D)            (None, 12, 12, 128)       73856
_________________________________________________________________
conv2d_6 (Conv2D)            (None, 12, 12, 128)       147584
_________________________________________________________________
conv2d_7 (Conv2D)            (None, 12, 12, 128)       147584
_________________________________________________________________
max_pooling2d_3 (MaxPooling2 (None, 6, 6, 128)         0
_________________________________________________________________
conv2d_8 (Conv2D)            (None, 6, 6, 256)         295168
_________________________________________________________________
conv2d_9 (Conv2D)            (None, 6, 6, 256)         590080
_________________________________________________________________
conv2d_10 (Conv2D)           (None, 6, 6, 256)         590080
_________________________________________________________________
flatten_1 (Flatten)          (None, 9216)              0
_________________________________________________________________
dense_1 (Dense)              (None, 1024)              9438208
_________________________________________________________________
dropout_1 (Dropout)          (None, 1024)              0
_________________________________________________________________
dense_2 (Dense)              (None, 256)               262400
_________________________________________________________________
dropout_2 (Dropout)          (None, 256)               0
_________________________________________________________________
dense_3 (Dense)              (None, 7)                 1799
=================================================================
Total params: 11,658,183
Trainable params: 11,658,183                                                                                            Non-trainable params: 0                                                                                                 _________________________________________________________________
Epoch 1/200                                                                                                             2017-11-15 17:15:24.044122: W C:\tf_jenkins\home\workspace\rel-win\M\windows-gpu\PY\36\tensorflow\core\platform\cpu_feature_guard.cc:45] The TensorFlow library wasn't compiled to use AVX instructions, but these are available on your machine and could speed up CPU computations.                                                                                   2017-11-15 17:15:24.044207: W C:\tf_jenkins\home\workspace\rel-win\M\windows-gpu\PY\36\tensorflow\core\platform\cpu_feature_guard.cc:45] The TensorFlow library wasn't compiled to use AVX2 instructions, but these are available on your machine and could speed up CPU computations.
2017-11-15 17:15:24.670597: I C:\tf_jenkins\home\workspace\rel-win\M\windows-gpu\PY\36\tensorflow\core\common_runtime\gpu\gpu_device.cc:955] Found device 0 with properties:
name: GeForce GTX 1080 Ti
major: 6 minor: 1 memoryClockRate (GHz) 1.683                                                                           pciBusID 0000:26:00.0
Total memory: 11.00GiB                                                                                                  Free memory: 9.09GiB
2017-11-15 17:15:24.670720: I C:\tf_jenkins\home\workspace\rel-win\M\windows-gpu\PY\36\tensorflow\core\common_runtime\gpu\gpu_device.cc:976] DMA: 0                                                                                             2017-11-15 17:15:24.671867: I C:\tf_jenkins\home\workspace\rel-win\M\windows-gpu\PY\36\tensorflow\core\common_runtime\gpu\gpu_device.cc:986] 0:   Y                                                                                             2017-11-15 17:15:24.672643: I C:\tf_jenkins\home\workspace\rel-win\M\windows-gpu\PY\36\tensorflow\core\common_runtime\gpu\gpu_device.cc:1045] Creating TensorFlow device (/gpu:0) -> (device: 0, name: GeForce GTX 1080 Ti, pci bus id: 0000:26:00.0)
1024/1024 [==============================] - 88s - loss: 1.8033 - acc: 0.2509 - val_loss: 1.7416 - val_acc: 0.2979
Epoch 2/200
1024/1024 [==============================] - 84s - loss: 1.7269 - acc: 0.2966 - val_loss: 1.4970 - val_acc: 0.4069
Epoch 3/200
1024/1024 [==============================] - 84s - loss: 1.5411 - acc: 0.3951 - val_loss: 1.2959 - val_acc: 0.5022
Epoch 4/200
1024/1024 [==============================] - 84s - loss: 1.3963 - acc: 0.4607 - val_loss: 1.2070 - val_acc: 0.5499
Epoch 5/200
1024/1024 [==============================] - 84s - loss: 1.3065 - acc: 0.5001 - val_loss: 1.0875 - val_acc: 0.5775
Epoch 6/200
1024/1024 [==============================] - 84s - loss: 1.2429 - acc: 0.5271 - val_loss: 1.1043 - val_acc: 0.5805
Epoch 7/200
1024/1024 [==============================] - 84s - loss: 1.1967 - acc: 0.5468 - val_loss: 1.0462 - val_acc: 0.6065
Epoch 8/200
1024/1024 [==============================] - 84s - loss: 1.1584 - acc: 0.5619 - val_loss: 1.0081 - val_acc: 0.6193
Epoch 9/200
1024/1024 [==============================] - 84s - loss: 1.1251 - acc: 0.5750 - val_loss: 1.0056 - val_acc: 0.6229
Epoch 10/200
1024/1024 [==============================] - 84s - loss: 1.0968 - acc: 0.5871 - val_loss: 1.0075 - val_acc: 0.6276
Epoch 11/200
1024/1024 [==============================] - 84s - loss: 1.0700 - acc: 0.5966 - val_loss: 0.9965 - val_acc: 0.6221
Epoch 12/200
1024/1024 [==============================] - 84s - loss: 1.0451 - acc: 0.6063 - val_loss: 0.9852 - val_acc: 0.6391
Epoch 13/200
1024/1024 [==============================] - 84s - loss: 1.0235 - acc: 0.6164 - val_loss: 0.9993 - val_acc: 0.6416
Epoch 14/200
1024/1024 [==============================] - 84s - loss: 1.0004 - acc: 0.6244 - val_loss: 0.9962 - val_acc: 0.6388
Epoch 15/200
1024/1024 [==============================] - 84s - loss: 0.9835 - acc: 0.6301 - val_loss: 1.0062 - val_acc: 0.6513
Epoch 16/200
1024/1024 [==============================] - 84s - loss: 0.9639 - acc: 0.6390 - val_loss: 1.0088 - val_acc: 0.6452
Epoch 17/200
1024/1024 [==============================] - 84s - loss: 0.9460 - acc: 0.6458 - val_loss: 1.0408 - val_acc: 0.6469
Epoch 18/200
1024/1024 [==============================] - 84s - loss: 0.9278 - acc: 0.6527 - val_loss: 0.9958 - val_acc: 0.6508
Epoch 19/200
1024/1024 [==============================] - 84s - loss: 0.9090 - acc: 0.6601 - val_loss: 1.0694 - val_acc: 0.6480
Epoch 20/200
1024/1024 [==============================] - 84s - loss: 0.8959 - acc: 0.6646 - val_loss: 1.0890 - val_acc: 0.6371
Epoch 21/200
1024/1024 [==============================] - 84s - loss: 0.8769 - acc: 0.6728 - val_loss: 1.0868 - val_acc: 0.6469
Epoch 22/200
1024/1024 [==============================] - 84s - loss: 0.8631 - acc: 0.6784 - val_loss: 1.1127 - val_acc: 0.6452
Epoch 23/200
1024/1024 [==============================] - 84s - loss: 0.8487 - acc: 0.6832 - val_loss: 1.1131 - val_acc: 0.6550
Epoch 24/200
1024/1024 [==============================] - 84s - loss: 0.8326 - acc: 0.6893 - val_loss: 1.1262 - val_acc: 0.6455
Epoch 25/200
1024/1024 [==============================] - 84s - loss: 0.8195 - acc: 0.6946 - val_loss: 1.1728 - val_acc: 0.6483
Epoch 26/200
1024/1024 [==============================] - 84s - loss: 0.8084 - acc: 0.6992 - val_loss: 1.1470 - val_acc: 0.6488
Epoch 27/200
1024/1024 [==============================] - 84s - loss: 0.7971 - acc: 0.7043 - val_loss: 1.2446 - val_acc: 0.6525
Epoch 28/200
1024/1024 [==============================] - 84s - loss: 0.7855 - acc: 0.7076 - val_loss: 1.1606 - val_acc: 0.6424
Epoch 29/200
1024/1024 [==============================] - 84s - loss: 0.7735 - acc: 0.7124 - val_loss: 1.2195 - val_acc: 0.6608
Epoch 30/200
1024/1024 [==============================] - 84s - loss: 0.7655 - acc: 0.7161 - val_loss: 1.2663 - val_acc: 0.6438
Epoch 31/200
1024/1024 [==============================] - 84s - loss: 0.7548 - acc: 0.7198 - val_loss: 1.2897 - val_acc: 0.6488
Epoch 32/200
1024/1024 [==============================] - 84s - loss: 0.7438 - acc: 0.7246 - val_loss: 1.2229 - val_acc: 0.6466
Epoch 33/200
1024/1024 [==============================] - 84s - loss: 0.7309 - acc: 0.7289 - val_loss: 1.3020 - val_acc: 0.6533
Epoch 34/200
1024/1024 [==============================] - 84s - loss: 0.7257 - acc: 0.7308 - val_loss: 1.2919 - val_acc: 0.6469
Epoch 35/200
1024/1024 [==============================] - 84s - loss: 0.7153 - acc: 0.7358 - val_loss: 1.3397 - val_acc: 0.6527
Epoch 36/200
1024/1024 [==============================] - 84s - loss: 0.7044 - acc: 0.7395 - val_loss: 1.4956 - val_acc: 0.6513
Epoch 37/200
1024/1024 [==============================] - 84s - loss: 0.7007 - acc: 0.7414 - val_loss: 1.4957 - val_acc: 0.6424
Epoch 38/200
1024/1024 [==============================] - 84s - loss: 0.6899 - acc: 0.7456 - val_loss: 1.4447 - val_acc: 0.6522
Epoch 39/200
1024/1024 [==============================] - 84s - loss: 0.6819 - acc: 0.7479 - val_loss: 1.4130 - val_acc: 0.6569
Epoch 40/200
1024/1024 [==============================] - 84s - loss: 0.6758 - acc: 0.7498 - val_loss: 1.5002 - val_acc: 0.6474
Epoch 41/200
1024/1024 [==============================] - 84s - loss: 0.6680 - acc: 0.7538 - val_loss: 1.5008 - val_acc: 0.6427
Epoch 42/200
1024/1024 [==============================] - 84s - loss: 0.6640 - acc: 0.7554 - val_loss: 1.5074 - val_acc: 0.6577
Epoch 43/200
1024/1024 [==============================] - 84s - loss: 0.6580 - acc: 0.7585 - val_loss: 1.6041 - val_acc: 0.6577
Epoch 44/200
1024/1024 [==============================] - 84s - loss: 0.6546 - acc: 0.7590 - val_loss: 1.5819 - val_acc: 0.6547
Epoch 45/200
1024/1024 [==============================] - 84s - loss: 0.6431 - acc: 0.7633 - val_loss: 1.6121 - val_acc: 0.6527
Epoch 46/200
1024/1024 [==============================] - 84s - loss: 0.6383 - acc: 0.7655 - val_loss: 1.6130 - val_acc: 0.6642
Epoch 47/200
1024/1024 [==============================] - 84s - loss: 0.6336 - acc: 0.7674 - val_loss: 1.5186 - val_acc: 0.6544
Epoch 48/200
1024/1024 [==============================] - 84s - loss: 0.6311 - acc: 0.7688 - val_loss: 1.5821 - val_acc: 0.6586
Epoch 49/200
1024/1024 [==============================] - 83s - loss: 0.6235 - acc: 0.7715 - val_loss: 1.5808 - val_acc: 0.6519
Epoch 50/200
1024/1024 [==============================] - 84s - loss: 0.6205 - acc: 0.7732 - val_loss: 1.5418 - val_acc: 0.6463
Epoch 51/200
1024/1024 [==============================] - 84s - loss: 0.6124 - acc: 0.7754 - val_loss: 1.5350 - val_acc: 0.6614
Epoch 52/200
1024/1024 [==============================] - 84s - loss: 0.6114 - acc: 0.7750 - val_loss: 1.6270 - val_acc: 0.6625
Epoch 53/200
1024/1024 [==============================] - 84s - loss: 0.6026 - acc: 0.7789 - val_loss: 1.7064 - val_acc: 0.6580
Epoch 54/200
1024/1024 [==============================] - 84s - loss: 0.6011 - acc: 0.7803 - val_loss: 1.6811 - val_acc: 0.6558
Epoch 55/200
1024/1024 [==============================] - 84s - loss: 0.5950 - acc: 0.7825 - val_loss: 1.8114 - val_acc: 0.6555
Epoch 56/200
1024/1024 [==============================] - 84s - loss: 0.5916 - acc: 0.7844 - val_loss: 1.7616 - val_acc: 0.6533
Epoch 57/200
1024/1024 [==============================] - 83s - loss: 0.5903 - acc: 0.7849 - val_loss: 1.6149 - val_acc: 0.6656
Epoch 58/200
1024/1024 [==============================] - 84s - loss: 0.5829 - acc: 0.7868 - val_loss: 1.5129 - val_acc: 0.6544
Epoch 59/200
1024/1024 [==============================] - 84s - loss: 0.5805 - acc: 0.7875 - val_loss: 1.6413 - val_acc: 0.6449
Epoch 60/200
1024/1024 [==============================] - 84s - loss: 0.5759 - acc: 0.7906 - val_loss: 1.8440 - val_acc: 0.6491
Epoch 61/200
1024/1024 [==============================] - 84s - loss: 0.5721 - acc: 0.7915 - val_loss: 1.8255 - val_acc: 0.6505
Epoch 62/200
1024/1024 [==============================] - 84s - loss: 0.5682 - acc: 0.7931 - val_loss: 2.0110 - val_acc: 0.6486
Epoch 63/200
1024/1024 [==============================] - 84s - loss: 0.5663 - acc: 0.7931 - val_loss: 1.8115 - val_acc: 0.6483
Epoch 64/200
1024/1024 [==============================] - 84s - loss: 0.5630 - acc: 0.7953 - val_loss: 1.8986 - val_acc: 0.6505
Epoch 65/200
1024/1024 [==============================] - 84s - loss: 0.5574 - acc: 0.7973 - val_loss: 1.9507 - val_acc: 0.6616
Epoch 66/200
1024/1024 [==============================] - 84s - loss: 0.5586 - acc: 0.7970 - val_loss: 1.7091 - val_acc: 0.6611
Epoch 67/200
1024/1024 [==============================] - 84s - loss: 0.5535 - acc: 0.7982 - val_loss: 1.8714 - val_acc: 0.6530
Epoch 68/200
1024/1024 [==============================] - 84s - loss: 0.5523 - acc: 0.7992 - val_loss: 1.8612 - val_acc: 0.6650
Epoch 69/200
1024/1024 [==============================] - 84s - loss: 0.5515 - acc: 0.8000 - val_loss: 1.8759 - val_acc: 0.6402
Epoch 70/200
1024/1024 [==============================] - 84s - loss: 0.5432 - acc: 0.8028 - val_loss: 1.9402 - val_acc: 0.6577
Epoch 71/200
1024/1024 [==============================] - 84s - loss: 0.5454 - acc: 0.8036 - val_loss: 1.9527 - val_acc: 0.6611
Epoch 72/200
1024/1024 [==============================] - 84s - loss: 0.5388 - acc: 0.8044 - val_loss: 1.9830 - val_acc: 0.6594
Epoch 73/200
1024/1024 [==============================] - 84s - loss: 0.5356 - acc: 0.8066 - val_loss: 1.8867 - val_acc: 0.6622
Epoch 74/200
1024/1024 [==============================] - 84s - loss: 0.5321 - acc: 0.8077 - val_loss: 1.8253 - val_acc: 0.6525
Epoch 75/200
1024/1024 [==============================] - 84s - loss: 0.5347 - acc: 0.8057 - val_loss: 1.9879 - val_acc: 0.6628
Epoch 76/200
1024/1024 [==============================] - 84s - loss: 0.5355 - acc: 0.8055 - val_loss: 1.8957 - val_acc: 0.6622
Epoch 77/200
1024/1024 [==============================] - 84s - loss: 0.5286 - acc: 0.8081 - val_loss: 1.9332 - val_acc: 0.6530
Epoch 78/200
1024/1024 [==============================] - 84s - loss: 0.5297 - acc: 0.8079 - val_loss: 1.9288 - val_acc: 0.6589
Epoch 79/200
1024/1024 [==============================] - 84s - loss: 0.5244 - acc: 0.8105 - val_loss: 2.1176 - val_acc: 0.6589
Epoch 80/200
1024/1024 [==============================] - 84s - loss: 0.5218 - acc: 0.8118 - val_loss: 1.9388 - val_acc: 0.6508
Epoch 81/200
1024/1024 [==============================] - 84s - loss: 0.5197 - acc: 0.8125 - val_loss: 2.0847 - val_acc: 0.6519
Epoch 82/200
1024/1024 [==============================] - 84s - loss: 0.5198 - acc: 0.8116 - val_loss: 1.9398 - val_acc: 0.6561
Epoch 83/200
1024/1024 [==============================] - 84s - loss: 0.5173 - acc: 0.8134 - val_loss: 2.0419 - val_acc: 0.6658
Epoch 84/200
1024/1024 [==============================] - 84s - loss: 0.5138 - acc: 0.8138 - val_loss: 1.9917 - val_acc: 0.6589
Epoch 85/200
1024/1024 [==============================] - 83s - loss: 0.5145 - acc: 0.8146 - val_loss: 2.0597 - val_acc: 0.6597
Epoch 86/200
1024/1024 [==============================] - 84s - loss: 0.5109 - acc: 0.8153 - val_loss: 2.2316 - val_acc: 0.6580
Epoch 87/200
1024/1024 [==============================] - 84s - loss: 0.5057 - acc: 0.8187 - val_loss: 1.9467 - val_acc: 0.6569
Epoch 88/200
1024/1024 [==============================] - 84s - loss: 0.5087 - acc: 0.8164 - val_loss: 1.9633 - val_acc: 0.6486
Epoch 89/200
1024/1024 [==============================] - 84s - loss: 0.5079 - acc: 0.8171 - val_loss: 2.1005 - val_acc: 0.6547
Epoch 90/200
1024/1024 [==============================] - 84s - loss: 0.5062 - acc: 0.8183 - val_loss: 2.2453 - val_acc: 0.6494
Epoch 91/200
1024/1024 [==============================] - 83s - loss: 0.5057 - acc: 0.8174 - val_loss: 2.2501 - val_acc: 0.6605
Epoch 92/200
1024/1024 [==============================] - 84s - loss: 0.5035 - acc: 0.8182 - val_loss: 2.1091 - val_acc: 0.6522
Epoch 93/200
1024/1024 [==============================] - 84s - loss: 0.5030 - acc: 0.8196 - val_loss: 2.2189 - val_acc: 0.6513
Epoch 94/200
1024/1024 [==============================] - 83s - loss: 0.5016 - acc: 0.8197 - val_loss: 2.1747 - val_acc: 0.6452
Epoch 95/200
1024/1024 [==============================] - 84s - loss: 0.4973 - acc: 0.8221 - val_loss: 2.0821 - val_acc: 0.6672
Epoch 96/200
1024/1024 [==============================] - 83s - loss: 0.4962 - acc: 0.8214 - val_loss: 2.2688 - val_acc: 0.6625
Epoch 97/200
1024/1024 [==============================] - 84s - loss: 0.4936 - acc: 0.8226 - val_loss: 1.9775 - val_acc: 0.6499
Epoch 98/200
1024/1024 [==============================] - 84s - loss: 0.4980 - acc: 0.8209 - val_loss: 2.3649 - val_acc: 0.6547
Epoch 99/200
1024/1024 [==============================] - 84s - loss: 0.4946 - acc: 0.8223 - val_loss: 2.0029 - val_acc: 0.6513
Epoch 100/200
1024/1024 [==============================] - 84s - loss: 0.4902 - acc: 0.8236 - val_loss: 2.1051 - val_acc: 0.6502
Epoch 101/200
1024/1024 [==============================] - 84s - loss: 0.4892 - acc: 0.8241 - val_loss: 2.3470 - val_acc: 0.6541
Epoch 102/200
1024/1024 [==============================] - 84s - loss: 0.4912 - acc: 0.8239 - val_loss: 2.3597 - val_acc: 0.6405
Epoch 103/200
1024/1024 [==============================] - 84s - loss: 0.4903 - acc: 0.8242 - val_loss: 2.3759 - val_acc: 0.6561
Epoch 104/200
1024/1024 [==============================] - 84s - loss: 0.4931 - acc: 0.8232 - val_loss: 2.2380 - val_acc: 0.6564
Epoch 105/200
1024/1024 [==============================] - 84s - loss: 0.4834 - acc: 0.8267 - val_loss: 2.3925 - val_acc: 0.6505
Epoch 106/200
1024/1024 [==============================] - 84s - loss: 0.4851 - acc: 0.8264 - val_loss: 2.1858 - val_acc: 0.6583
Epoch 107/200
1024/1024 [==============================] - 84s - loss: 0.4860 - acc: 0.8261 - val_loss: 2.2334 - val_acc: 0.6633
Epoch 108/200
1024/1024 [==============================] - 84s - loss: 0.4813 - acc: 0.8277 - val_loss: 1.9144 - val_acc: 0.6522
Epoch 109/200
1024/1024 [==============================] - 84s - loss: 0.4845 - acc: 0.8281 - val_loss: 2.1177 - val_acc: 0.6616
Epoch 110/200
1024/1024 [==============================] - 84s - loss: 0.4822 - acc: 0.8277 - val_loss: 2.5384 - val_acc: 0.6536
Epoch 111/200
1024/1024 [==============================] - 84s - loss: 0.4798 - acc: 0.8284 - val_loss: 2.1279 - val_acc: 0.6580
Epoch 112/200
1024/1024 [==============================] - 84s - loss: 0.4780 - acc: 0.8302 - val_loss: 2.2416 - val_acc: 0.6619
Epoch 113/200
1024/1024 [==============================] - 84s - loss: 0.4774 - acc: 0.8299 - val_loss: 2.3925 - val_acc: 0.6446
Epoch 114/200
1024/1024 [==============================] - 84s - loss: 0.4773 - acc: 0.8291 - val_loss: 2.2639 - val_acc: 0.6463
Epoch 115/200
1024/1024 [==============================] - 84s - loss: 0.4784 - acc: 0.8290 - val_loss: 2.1015 - val_acc: 0.6564
Epoch 116/200
1024/1024 [==============================] - 84s - loss: 0.4746 - acc: 0.8302 - val_loss: 2.1170 - val_acc: 0.6536
Epoch 117/200
1024/1024 [==============================] - 84s - loss: 0.4736 - acc: 0.8308 - val_loss: 2.5879 - val_acc: 0.6499
Epoch 118/200
1024/1024 [==============================] - 84s - loss: 0.4728 - acc: 0.8314 - val_loss: 2.3546 - val_acc: 0.6572
Epoch 119/200
1024/1024 [==============================] - 84s - loss: 0.4707 - acc: 0.8315 - val_loss: 2.2247 - val_acc: 0.6656
Epoch 120/200
1024/1024 [==============================] - 84s - loss: 0.4642 - acc: 0.8347 - val_loss: 2.1923 - val_acc: 0.6552
Epoch 121/200
1024/1024 [==============================] - 84s - loss: 0.4685 - acc: 0.8335 - val_loss: 2.4041 - val_acc: 0.6580
Epoch 122/200
1024/1024 [==============================] - 84s - loss: 0.4646 - acc: 0.8346 - val_loss: 2.2982 - val_acc: 0.6639
Epoch 123/200
1024/1024 [==============================] - 84s - loss: 0.4698 - acc: 0.8327 - val_loss: 2.2874 - val_acc: 0.6630
Epoch 124/200
1024/1024 [==============================] - 84s - loss: 0.4652 - acc: 0.8339 - val_loss: 2.3470 - val_acc: 0.6558
Epoch 125/200
1024/1024 [==============================] - 84s - loss: 0.4617 - acc: 0.8359 - val_loss: 2.5715 - val_acc: 0.6569
Epoch 126/200
1024/1024 [==============================] - 84s - loss: 0.4618 - acc: 0.8356 - val_loss: 2.4983 - val_acc: 0.6527
Epoch 127/200
1024/1024 [==============================] - 84s - loss: 0.4627 - acc: 0.8359 - val_loss: 2.2434 - val_acc: 0.6577
Epoch 128/200
1024/1024 [==============================] - 84s - loss: 0.4594 - acc: 0.8375 - val_loss: 2.1807 - val_acc: 0.6572
Epoch 129/200
1024/1024 [==============================] - 84s - loss: 0.4618 - acc: 0.8355 - val_loss: 2.4094 - val_acc: 0.6608
Epoch 130/200
1024/1024 [==============================] - 84s - loss: 0.4621 - acc: 0.8361 - val_loss: 2.1503 - val_acc: 0.6658
Epoch 131/200
1024/1024 [==============================] - 84s - loss: 0.4568 - acc: 0.8377 - val_loss: 2.4690 - val_acc: 0.6561
Epoch 132/200
1024/1024 [==============================] - 84s - loss: 0.4611 - acc: 0.8362 - val_loss: 2.1061 - val_acc: 0.6536
Epoch 133/200
1024/1024 [==============================] - 84s - loss: 0.4596 - acc: 0.8361 - val_loss: 2.3650 - val_acc: 0.6583
Epoch 134/200
1024/1024 [==============================] - 84s - loss: 0.4569 - acc: 0.8375 - val_loss: 2.3012 - val_acc: 0.6474
Epoch 135/200
1024/1024 [==============================] - 84s - loss: 0.4578 - acc: 0.8373 - val_loss: 2.4150 - val_acc: 0.6600
Epoch 136/200
1024/1024 [==============================] - 84s - loss: 0.4547 - acc: 0.8385 - val_loss: 2.1288 - val_acc: 0.6555
Epoch 137/200
1024/1024 [==============================] - 84s - loss: 0.4546 - acc: 0.8381 - val_loss: 2.0795 - val_acc: 0.6508
Epoch 138/200
1024/1024 [==============================] - 84s - loss: 0.4527 - acc: 0.8397 - val_loss: 2.2800 - val_acc: 0.6603
Epoch 139/200
1024/1024 [==============================] - 84s - loss: 0.4575 - acc: 0.8383 - val_loss: 2.3616 - val_acc: 0.6589
Epoch 140/200
1024/1024 [==============================] - 84s - loss: 0.4540 - acc: 0.8391 - val_loss: 2.5047 - val_acc: 0.6619
Epoch 141/200
1024/1024 [==============================] - 84s - loss: 0.4542 - acc: 0.8379 - val_loss: 2.1522 - val_acc: 0.6494
Epoch 142/200
1024/1024 [==============================] - 84s - loss: 0.4514 - acc: 0.8403 - val_loss: 2.3000 - val_acc: 0.6566
Epoch 143/200
1024/1024 [==============================] - 84s - loss: 0.4514 - acc: 0.8394 - val_loss: 2.1739 - val_acc: 0.6566
Epoch 144/200
1024/1024 [==============================] - 84s - loss: 0.4474 - acc: 0.8415 - val_loss: 2.5135 - val_acc: 0.6530
Epoch 145/200
1024/1024 [==============================] - 84s - loss: 0.4479 - acc: 0.8408 - val_loss: 2.2191 - val_acc: 0.6608
Epoch 146/200
1024/1024 [==============================] - 84s - loss: 0.4465 - acc: 0.8423 - val_loss: 2.4511 - val_acc: 0.6566
Epoch 147/200
1024/1024 [==============================] - 84s - loss: 0.4461 - acc: 0.8424 - val_loss: 2.6943 - val_acc: 0.6580
Epoch 148/200
1024/1024 [==============================] - 84s - loss: 0.4474 - acc: 0.8423 - val_loss: 2.2090 - val_acc: 0.6636
Epoch 149/200
1024/1024 [==============================] - 84s - loss: 0.4495 - acc: 0.8407 - val_loss: 2.4109 - val_acc: 0.6522
Epoch 150/200
1024/1024 [==============================] - 84s - loss: 0.4453 - acc: 0.8421 - val_loss: 2.4618 - val_acc: 0.6572
Epoch 151/200
1024/1024 [==============================] - 84s - loss: 0.4452 - acc: 0.8427 - val_loss: 2.3299 - val_acc: 0.6550
Epoch 152/200
1024/1024 [==============================] - 84s - loss: 0.4388 - acc: 0.8449 - val_loss: 2.4231 - val_acc: 0.6630
Epoch 153/200
1024/1024 [==============================] - 84s - loss: 0.4456 - acc: 0.8425 - val_loss: 2.3865 - val_acc: 0.6644
Epoch 154/200
1024/1024 [==============================] - 84s - loss: 0.4476 - acc: 0.8421 - val_loss: 2.2555 - val_acc: 0.6575
Epoch 155/200
1024/1024 [==============================] - 84s - loss: 0.4425 - acc: 0.8444 - val_loss: 2.2779 - val_acc: 0.6583
Epoch 156/200
1024/1024 [==============================] - 84s - loss: 0.4427 - acc: 0.8434 - val_loss: 2.3575 - val_acc: 0.6633
Epoch 157/200
1024/1024 [==============================] - 84s - loss: 0.4424 - acc: 0.8438 - val_loss: 2.1898 - val_acc: 0.6541
Epoch 158/200
1024/1024 [==============================] - 84s - loss: 0.4408 - acc: 0.8448 - val_loss: 2.0519 - val_acc: 0.6552
Epoch 159/200
1024/1024 [==============================] - 84s - loss: 0.4443 - acc: 0.8435 - val_loss: 2.2521 - val_acc: 0.6616
Epoch 160/200
1024/1024 [==============================] - 84s - loss: 0.4422 - acc: 0.8438 - val_loss: 2.5261 - val_acc: 0.6575
Epoch 161/200
1024/1024 [==============================] - 84s - loss: 0.4355 - acc: 0.8471 - val_loss: 2.3129 - val_acc: 0.6550
Epoch 162/200
1024/1024 [==============================] - 84s - loss: 0.4413 - acc: 0.8446 - val_loss: 2.3970 - val_acc: 0.6616
Epoch 163/200
1024/1024 [==============================] - 84s - loss: 0.4356 - acc: 0.8461 - val_loss: 2.4386 - val_acc: 0.6600
Epoch 164/200
1024/1024 [==============================] - 84s - loss: 0.4375 - acc: 0.8457 - val_loss: 2.3195 - val_acc: 0.6583
Epoch 165/200
1024/1024 [==============================] - 84s - loss: 0.4387 - acc: 0.8457 - val_loss: 2.4279 - val_acc: 0.6564
Epoch 166/200
1024/1024 [==============================] - 84s - loss: 0.4404 - acc: 0.8444 - val_loss: 2.6854 - val_acc: 0.6427
Epoch 167/200
1024/1024 [==============================] - 84s - loss: 0.4405 - acc: 0.8441 - val_loss: 2.5752 - val_acc: 0.6519
Epoch 168/200
1024/1024 [==============================] - 84s - loss: 0.4407 - acc: 0.8454 - val_loss: 2.4712 - val_acc: 0.6603
Epoch 169/200
1024/1024 [==============================] - 84s - loss: 0.4381 - acc: 0.8461 - val_loss: 2.6223 - val_acc: 0.6569
Epoch 170/200
1024/1024 [==============================] - 84s - loss: 0.4375 - acc: 0.8464 - val_loss: 2.2712 - val_acc: 0.6544
Epoch 171/200
1024/1024 [==============================] - 84s - loss: 0.4390 - acc: 0.8460 - val_loss: 2.3959 - val_acc: 0.6636
Epoch 172/200
1024/1024 [==============================] - 84s - loss: 0.4380 - acc: 0.8461 - val_loss: 2.2811 - val_acc: 0.6575
Epoch 173/200
1024/1024 [==============================] - 84s - loss: 0.4347 - acc: 0.8474 - val_loss: 2.3404 - val_acc: 0.6483
Epoch 174/200
1024/1024 [==============================] - 84s - loss: 0.4364 - acc: 0.8468 - val_loss: 2.2214 - val_acc: 0.6566
Epoch 175/200
1024/1024 [==============================] - 84s - loss: 0.4328 - acc: 0.8479 - val_loss: 2.4889 - val_acc: 0.6622
Epoch 176/200
1024/1024 [==============================] - 84s - loss: 0.4338 - acc: 0.8466 - val_loss: 2.2732 - val_acc: 0.6533
Epoch 177/200
1024/1024 [==============================] - 84s - loss: 0.4323 - acc: 0.8482 - val_loss: 2.2800 - val_acc: 0.6583
Epoch 178/200
1024/1024 [==============================] - 84s - loss: 0.4363 - acc: 0.8469 - val_loss: 2.2822 - val_acc: 0.6658
Epoch 179/200
1024/1024 [==============================] - 84s - loss: 0.4347 - acc: 0.8474 - val_loss: 2.5545 - val_acc: 0.6619
Epoch 180/200
1024/1024 [==============================] - 84s - loss: 0.4345 - acc: 0.8476 - val_loss: 2.0335 - val_acc: 0.6544
Epoch 181/200
1024/1024 [==============================] - 84s - loss: 0.4327 - acc: 0.8484 - val_loss: 2.3668 - val_acc: 0.6538
Epoch 182/200
1024/1024 [==============================] - 84s - loss: 0.4316 - acc: 0.8486 - val_loss: 2.7334 - val_acc: 0.6402
Epoch 183/200
1024/1024 [==============================] - 84s - loss: 0.4278 - acc: 0.8503 - val_loss: 2.4348 - val_acc: 0.6544
Epoch 184/200
1024/1024 [==============================] - 84s - loss: 0.4349 - acc: 0.8478 - val_loss: 2.2459 - val_acc: 0.6577
Epoch 185/200
1024/1024 [==============================] - 84s - loss: 0.4319 - acc: 0.8486 - val_loss: 2.4051 - val_acc: 0.6636
Epoch 186/200
1024/1024 [==============================] - 84s - loss: 0.4292 - acc: 0.8489 - val_loss: 2.3183 - val_acc: 0.6633
Epoch 187/200
1024/1024 [==============================] - 84s - loss: 0.4288 - acc: 0.8500 - val_loss: 2.4779 - val_acc: 0.6616
Epoch 188/200
1024/1024 [==============================] - 84s - loss: 0.4300 - acc: 0.8500 - val_loss: 2.0512 - val_acc: 0.6566
Epoch 189/200
1024/1024 [==============================] - 84s - loss: 0.4291 - acc: 0.8488 - val_loss: 2.5153 - val_acc: 0.6639
Epoch 190/200
1024/1024 [==============================] - 84s - loss: 0.4317 - acc: 0.8482 - val_loss: 2.2402 - val_acc: 0.6619
Epoch 191/200
1024/1024 [==============================] - 84s - loss: 0.4298 - acc: 0.8494 - val_loss: 2.4764 - val_acc: 0.6597
Epoch 192/200
1024/1024 [==============================] - 84s - loss: 0.4287 - acc: 0.8505 - val_loss: 2.8061 - val_acc: 0.6642
Epoch 193/200
1024/1024 [==============================] - 84s - loss: 0.4283 - acc: 0.8500 - val_loss: 2.6232 - val_acc: 0.6541
Epoch 194/200
1024/1024 [==============================] - 84s - loss: 0.4303 - acc: 0.8493 - val_loss: 2.2541 - val_acc: 0.6516
Epoch 195/200
1024/1024 [==============================] - 84s - loss: 0.4292 - acc: 0.8499 - val_loss: 2.3520 - val_acc: 0.6544
Epoch 196/200
1024/1024 [==============================] - 84s - loss: 0.4324 - acc: 0.8490 - val_loss: 2.6116 - val_acc: 0.6616
Epoch 197/200
1024/1024 [==============================] - 84s - loss: 0.4291 - acc: 0.8498 - val_loss: 2.5672 - val_acc: 0.6533
Epoch 198/200
1024/1024 [==============================] - 84s - loss: 0.4257 - acc: 0.8515 - val_loss: 2.7079 - val_acc: 0.6513
Epoch 199/200
1024/1024 [==============================] - 84s - loss: 0.4260 - acc: 0.8518 - val_loss: 2.3745 - val_acc: 0.6555
Epoch 200/200
1024/1024 [==============================] - 83s - loss: 0.4258 - acc: 0.8523 - val_loss: 2.8488 - val_acc: 0.6650
Test accuracy: 0.664994425864