Using TensorFlow backend.
_________________________________________________________________
Layer (type)                 Output Shape              Param #
=================================================================
flatten_1 (Flatten)          (None, 2304)              0
_________________________________________________________________
dense_1 (Dense)              (None, 2048)              4720640
_________________________________________________________________
dropout_1 (Dropout)          (None, 2048)              0
_________________________________________________________________
dense_2 (Dense)              (None, 2048)              4196352
_________________________________________________________________
dropout_2 (Dropout)          (None, 2048)              0
_________________________________________________________________
dense_3 (Dense)              (None, 2048)              4196352
_________________________________________________________________
dropout_3 (Dropout)          (None, 2048)              0
_________________________________________________________________
dense_4 (Dense)              (None, 7)                 14343
=================================================================
Total params: 13,127,687
Trainable params: 13,127,687
Non-trainable params: 0
_________________________________________________________________
Train on 25121 samples, validate on 3588 samples
Epoch 1/200
2017-11-17 11:48:46.060438: W C:\tf_jenkins\home\workspace\rel-win\M\windows-gpu\PY\36\tensorflow\core\platform\cpu_feature_guard.cc:45] The TensorFlow library wasn't compiled to use AVX instructions, but these are available on your machine and could speed up CPU computations.
2017-11-17 11:48:46.060509: W C:\tf_jenkins\home\workspace\rel-win\M\windows-gpu\PY\36\tensorflow\core\platform\cpu_feature_guard.cc:45] The TensorFlow library wasn't compiled to use AVX2 instructions, but these are available on your machine and could speed up CPU computations.
2017-11-17 11:48:46.755594: I C:\tf_jenkins\home\workspace\rel-win\M\windows-gpu\PY\36\tensorflow\core\common_runtime\gpu\gpu_device.cc:955] Found device 0 with properties:
name: GeForce GTX 1080 Ti
major: 6 minor: 1 memoryClockRate (GHz) 1.683
pciBusID 0000:26:00.0
Total memory: 11.00GiB
Free memory: 9.09GiB
2017-11-17 11:48:46.755854: I C:\tf_jenkins\home\workspace\rel-win\M\windows-gpu\PY\36\tensorflow\core\common_runtime\gpu\gpu_device.cc:976] DMA: 0
2017-11-17 11:48:46.757658: I C:\tf_jenkins\home\workspace\rel-win\M\windows-gpu\PY\36\tensorflow\core\common_runtime\gpu\gpu_device.cc:986] 0:   Y
2017-11-17 11:48:46.758368: I C:\tf_jenkins\home\workspace\rel-win\M\windows-gpu\PY\36\tensorflow\core\common_runtime\gpu\gpu_device.cc:1045] Creating TensorFlow device (/gpu:0) -> (device: 0, name: GeForce GTX 1080 Ti, pci bus id: 0000:26:00.0)
25121/25121 [==============================] - 4s - loss: 1.8852 - acc: 0.2224 - val_loss: 1.8877 - val_acc: 0.1750
Epoch 2/200
25121/25121 [==============================] - 1s - loss: 1.8142 - acc: 0.2467 - val_loss: 1.8354 - val_acc: 0.1809
Epoch 3/200
25121/25121 [==============================] - 1s - loss: 1.7895 - acc: 0.2613 - val_loss: 1.7913 - val_acc: 0.1979
Epoch 4/200
25121/25121 [==============================] - 1s - loss: 1.7744 - acc: 0.2768 - val_loss: 1.7508 - val_acc: 0.2968
Epoch 5/200
25121/25121 [==============================] - 1s - loss: 1.7526 - acc: 0.2886 - val_loss: 1.7410 - val_acc: 0.2606
Epoch 6/200
25121/25121 [==============================] - 1s - loss: 1.7396 - acc: 0.2992 - val_loss: 1.7788 - val_acc: 0.2681
Epoch 7/200
25121/25121 [==============================] - 2s - loss: 1.7267 - acc: 0.3118 - val_loss: 1.6957 - val_acc: 0.3317
Epoch 8/200
25121/25121 [==============================] - 1s - loss: 1.7091 - acc: 0.3231 - val_loss: 1.7204 - val_acc: 0.2982
Epoch 9/200
25121/25121 [==============================] - 1s - loss: 1.7055 - acc: 0.3231 - val_loss: 1.7393 - val_acc: 0.3213
Epoch 10/200
25121/25121 [==============================] - 1s - loss: 1.6960 - acc: 0.3272 - val_loss: 1.6738 - val_acc: 0.3406
Epoch 11/200
25121/25121 [==============================] - 1s - loss: 1.6857 - acc: 0.3320 - val_loss: 1.6568 - val_acc: 0.3487
Epoch 12/200
25121/25121 [==============================] - 1s - loss: 1.6792 - acc: 0.3371 - val_loss: 1.6725 - val_acc: 0.3492
Epoch 13/200
25121/25121 [==============================] - 1s - loss: 1.6720 - acc: 0.3394 - val_loss: 1.6872 - val_acc: 0.3135
Epoch 14/200
25121/25121 [==============================] - 1s - loss: 1.6699 - acc: 0.3413 - val_loss: 1.6947 - val_acc: 0.3392
Epoch 15/200
25121/25121 [==============================] - 1s - loss: 1.6674 - acc: 0.3422 - val_loss: 1.6966 - val_acc: 0.3350
Epoch 16/200
25121/25121 [==============================] - 1s - loss: 1.6572 - acc: 0.3457 - val_loss: 1.6852 - val_acc: 0.3144
Epoch 17/200
25121/25121 [==============================] - 1s - loss: 1.6510 - acc: 0.3531 - val_loss: 1.7944 - val_acc: 0.2943
Epoch 18/200
25121/25121 [==============================] - 1s - loss: 1.6487 - acc: 0.3529 - val_loss: 1.6471 - val_acc: 0.3634
Epoch 19/200
25121/25121 [==============================] - 1s - loss: 1.6407 - acc: 0.3568 - val_loss: 1.6448 - val_acc: 0.3534
Epoch 20/200
25121/25121 [==============================] - 1s - loss: 1.6387 - acc: 0.3559 - val_loss: 1.6414 - val_acc: 0.3439
Epoch 21/200
25121/25121 [==============================] - 2s - loss: 1.6358 - acc: 0.3594 - val_loss: 1.6646 - val_acc: 0.3411
Epoch 22/200
25121/25121 [==============================] - 2s - loss: 1.6277 - acc: 0.3629 - val_loss: 1.6142 - val_acc: 0.3768
Epoch 23/200
25121/25121 [==============================] - 1s - loss: 1.6244 - acc: 0.3638 - val_loss: 1.6268 - val_acc: 0.3579
Epoch 24/200
25121/25121 [==============================] - 1s - loss: 1.6150 - acc: 0.3685 - val_loss: 1.6779 - val_acc: 0.3434
Epoch 25/200
25121/25121 [==============================] - 1s - loss: 1.6192 - acc: 0.3644 - val_loss: 1.6713 - val_acc: 0.3319
Epoch 26/200
25121/25121 [==============================] - 2s - loss: 1.6169 - acc: 0.3673 - val_loss: 1.6325 - val_acc: 0.3629
Epoch 27/200
25121/25121 [==============================] - 1s - loss: 1.6053 - acc: 0.3744 - val_loss: 1.6236 - val_acc: 0.3718
Epoch 28/200
25121/25121 [==============================] - 1s - loss: 1.6057 - acc: 0.3724 - val_loss: 1.6862 - val_acc: 0.3046
Epoch 29/200
25121/25121 [==============================] - 1s - loss: 1.5942 - acc: 0.3767 - val_loss: 1.6590 - val_acc: 0.3261
Epoch 30/200
25121/25121 [==============================] - 1s - loss: 1.5926 - acc: 0.3804 - val_loss: 1.6402 - val_acc: 0.3501
Epoch 31/200
25121/25121 [==============================] - 1s - loss: 1.5856 - acc: 0.3802 - val_loss: 1.6713 - val_acc: 0.3336
Epoch 32/200
25121/25121 [==============================] - 1s - loss: 1.5820 - acc: 0.3817 - val_loss: 1.7004 - val_acc: 0.2949
Epoch 33/200
25121/25121 [==============================] - 2s - loss: 1.5814 - acc: 0.3832 - val_loss: 1.6922 - val_acc: 0.3096
Epoch 34/200
25121/25121 [==============================] - 1s - loss: 1.5696 - acc: 0.3878 - val_loss: 1.6358 - val_acc: 0.3551
Epoch 35/200
25121/25121 [==============================] - 2s - loss: 1.5704 - acc: 0.3896 - val_loss: 1.6427 - val_acc: 0.3428
Epoch 36/200
25121/25121 [==============================] - 2s - loss: 1.5687 - acc: 0.3897 - val_loss: 1.5894 - val_acc: 0.3696
Epoch 37/200
25121/25121 [==============================] - 2s - loss: 1.5602 - acc: 0.3907 - val_loss: 1.6549 - val_acc: 0.3269
Epoch 38/200
25121/25121 [==============================] - 2s - loss: 1.5570 - acc: 0.3963 - val_loss: 1.5889 - val_acc: 0.3768
Epoch 39/200
25121/25121 [==============================] - 2s - loss: 1.5581 - acc: 0.3979 - val_loss: 1.6897 - val_acc: 0.3241
Epoch 40/200
25121/25121 [==============================] - 1s - loss: 1.5541 - acc: 0.3945 - val_loss: 1.6260 - val_acc: 0.3665
Epoch 41/200
25121/25121 [==============================] - 2s - loss: 1.5450 - acc: 0.3998 - val_loss: 1.6739 - val_acc: 0.3322
Epoch 42/200
25121/25121 [==============================] - 1s - loss: 1.5392 - acc: 0.4049 - val_loss: 1.5778 - val_acc: 0.3857
Epoch 43/200
25121/25121 [==============================] - 2s - loss: 1.5373 - acc: 0.4029 - val_loss: 1.6515 - val_acc: 0.3331
Epoch 44/200
25121/25121 [==============================] - 2s - loss: 1.5372 - acc: 0.4032 - val_loss: 1.5972 - val_acc: 0.3704
Epoch 45/200
25121/25121 [==============================] - 2s - loss: 1.5318 - acc: 0.4052 - val_loss: 1.5954 - val_acc: 0.3618
Epoch 46/200
25121/25121 [==============================] - 2s - loss: 1.5267 - acc: 0.4063 - val_loss: 1.7238 - val_acc: 0.3021
Epoch 47/200
25121/25121 [==============================] - 2s - loss: 1.5220 - acc: 0.4071 - val_loss: 1.5982 - val_acc: 0.3676
Epoch 48/200
25121/25121 [==============================] - 2s - loss: 1.5157 - acc: 0.4137 - val_loss: 1.5875 - val_acc: 0.3746
Epoch 49/200
25121/25121 [==============================] - 2s - loss: 1.5091 - acc: 0.4142 - val_loss: 1.6174 - val_acc: 0.3489
Epoch 50/200
25121/25121 [==============================] - 1s - loss: 1.5068 - acc: 0.4141 - val_loss: 1.5885 - val_acc: 0.3712
Epoch 51/200
25121/25121 [==============================] - 2s - loss: 1.5020 - acc: 0.4196 - val_loss: 1.7823 - val_acc: 0.2893
Epoch 52/200
25121/25121 [==============================] - 2s - loss: 1.5023 - acc: 0.4185 - val_loss: 1.5590 - val_acc: 0.3796
Epoch 53/200
25121/25121 [==============================] - 2s - loss: 1.4937 - acc: 0.4191 - val_loss: 1.6852 - val_acc: 0.3213
Epoch 54/200
25121/25121 [==============================] - 1s - loss: 1.4936 - acc: 0.4198 - val_loss: 1.5657 - val_acc: 0.3846
Epoch 55/200
25121/25121 [==============================] - 2s - loss: 1.4878 - acc: 0.4242 - val_loss: 1.6876 - val_acc: 0.3325
Epoch 56/200
25121/25121 [==============================] - 1s - loss: 1.4780 - acc: 0.4303 - val_loss: 1.6546 - val_acc: 0.3503
Epoch 57/200
25121/25121 [==============================] - 1s - loss: 1.4848 - acc: 0.4245 - val_loss: 1.6529 - val_acc: 0.3381
Epoch 58/200
25121/25121 [==============================] - 1s - loss: 1.4718 - acc: 0.4295 - val_loss: 1.5904 - val_acc: 0.3760
Epoch 59/200
25121/25121 [==============================] - 2s - loss: 1.4677 - acc: 0.4337 - val_loss: 1.5782 - val_acc: 0.3815
Epoch 60/200
25121/25121 [==============================] - 2s - loss: 1.4628 - acc: 0.4331 - val_loss: 1.5368 - val_acc: 0.3983
Epoch 61/200
25121/25121 [==============================] - 1s - loss: 1.4612 - acc: 0.4369 - val_loss: 1.5760 - val_acc: 0.3707
Epoch 62/200
25121/25121 [==============================] - 1s - loss: 1.4521 - acc: 0.4364 - val_loss: 1.8070 - val_acc: 0.2999
Epoch 63/200
25121/25121 [==============================] - 2s - loss: 1.4586 - acc: 0.4355 - val_loss: 1.6242 - val_acc: 0.3634
Epoch 64/200
25121/25121 [==============================] - 2s - loss: 1.4445 - acc: 0.4438 - val_loss: 1.6556 - val_acc: 0.3445
Epoch 65/200
25121/25121 [==============================] - 2s - loss: 1.4429 - acc: 0.4425 - val_loss: 1.6297 - val_acc: 0.3492
Epoch 66/200
25121/25121 [==============================] - 1s - loss: 1.4428 - acc: 0.4422 - val_loss: 1.6713 - val_acc: 0.3514
Epoch 67/200
25121/25121 [==============================] - 2s - loss: 1.4306 - acc: 0.4498 - val_loss: 1.6029 - val_acc: 0.3612
Epoch 68/200
25121/25121 [==============================] - 2s - loss: 1.4303 - acc: 0.4491 - val_loss: 1.6205 - val_acc: 0.3428
Epoch 69/200
25121/25121 [==============================] - 2s - loss: 1.4316 - acc: 0.4463 - val_loss: 1.6737 - val_acc: 0.3297
Epoch 70/200
25121/25121 [==============================] - 2s - loss: 1.4227 - acc: 0.4542 - val_loss: 1.5846 - val_acc: 0.3810
Epoch 71/200
25121/25121 [==============================] - 1s - loss: 1.4276 - acc: 0.4517 - val_loss: 1.5814 - val_acc: 0.3802
Epoch 72/200
25121/25121 [==============================] - 1s - loss: 1.4103 - acc: 0.4547 - val_loss: 1.5504 - val_acc: 0.3994
Epoch 73/200
25121/25121 [==============================] - 1s - loss: 1.4170 - acc: 0.4525 - val_loss: 1.5307 - val_acc: 0.3941
Epoch 74/200
25121/25121 [==============================] - 1s - loss: 1.4020 - acc: 0.4599 - val_loss: 1.5595 - val_acc: 0.3776
Epoch 75/200
25121/25121 [==============================] - 2s - loss: 1.4020 - acc: 0.4659 - val_loss: 1.5853 - val_acc: 0.3768
Epoch 76/200
25121/25121 [==============================] - 1s - loss: 1.3988 - acc: 0.4640 - val_loss: 1.8354 - val_acc: 0.2832
Epoch 77/200
25121/25121 [==============================] - 1s - loss: 1.3940 - acc: 0.4642 - val_loss: 1.5822 - val_acc: 0.3824
Epoch 78/200
25121/25121 [==============================] - 1s - loss: 1.3870 - acc: 0.4632 - val_loss: 1.6365 - val_acc: 0.3712
Epoch 79/200
25121/25121 [==============================] - 2s - loss: 1.3819 - acc: 0.4724 - val_loss: 1.5686 - val_acc: 0.3919
Epoch 80/200
25121/25121 [==============================] - 2s - loss: 1.3846 - acc: 0.4714 - val_loss: 1.7750 - val_acc: 0.2957
Epoch 81/200
25121/25121 [==============================] - 1s - loss: 1.3794 - acc: 0.4704 - val_loss: 1.6749 - val_acc: 0.3487
Epoch 82/200
25121/25121 [==============================] - 1s - loss: 1.3749 - acc: 0.4702 - val_loss: 1.6219 - val_acc: 0.3567
Epoch 83/200
25121/25121 [==============================] - 1s - loss: 1.3653 - acc: 0.4752 - val_loss: 1.6054 - val_acc: 0.3710
Epoch 84/200
25121/25121 [==============================] - 1s - loss: 1.3653 - acc: 0.4796 - val_loss: 1.5937 - val_acc: 0.3804
Epoch 85/200
25121/25121 [==============================] - 1s - loss: 1.3617 - acc: 0.4783 - val_loss: 1.6821 - val_acc: 0.3632
Epoch 86/200
25121/25121 [==============================] - 1s - loss: 1.3531 - acc: 0.4811 - val_loss: 1.5553 - val_acc: 0.3907
Epoch 87/200
25121/25121 [==============================] - 1s - loss: 1.3498 - acc: 0.4828 - val_loss: 1.6581 - val_acc: 0.3693
Epoch 88/200
25121/25121 [==============================] - 1s - loss: 1.3422 - acc: 0.4866 - val_loss: 1.6381 - val_acc: 0.3333
Epoch 89/200
25121/25121 [==============================] - 1s - loss: 1.3403 - acc: 0.4888 - val_loss: 1.6023 - val_acc: 0.3785
Epoch 90/200
25121/25121 [==============================] - 1s - loss: 1.3376 - acc: 0.4885 - val_loss: 1.6045 - val_acc: 0.3737
Epoch 91/200
25121/25121 [==============================] - 1s - loss: 1.3322 - acc: 0.4907 - val_loss: 1.5696 - val_acc: 0.4072
Epoch 92/200
25121/25121 [==============================] - 1s - loss: 1.3270 - acc: 0.4885 - val_loss: 1.5843 - val_acc: 0.3894
Epoch 93/200
25121/25121 [==============================] - 1s - loss: 1.3312 - acc: 0.4947 - val_loss: 1.5852 - val_acc: 0.3882
Epoch 94/200
25121/25121 [==============================] - 1s - loss: 1.3216 - acc: 0.4935 - val_loss: 1.6316 - val_acc: 0.3779
Epoch 95/200
25121/25121 [==============================] - 1s - loss: 1.3178 - acc: 0.4937 - val_loss: 1.6000 - val_acc: 0.3807
Epoch 96/200
25121/25121 [==============================] - 1s - loss: 1.3015 - acc: 0.5025 - val_loss: 1.5925 - val_acc: 0.3749
Epoch 97/200
25121/25121 [==============================] - 1s - loss: 1.3040 - acc: 0.5055 - val_loss: 1.5920 - val_acc: 0.3843
Epoch 98/200
25121/25121 [==============================] - 2s - loss: 1.3089 - acc: 0.5021 - val_loss: 1.5568 - val_acc: 0.3977
Epoch 99/200
25121/25121 [==============================] - 1s - loss: 1.2978 - acc: 0.5026 - val_loss: 1.5479 - val_acc: 0.3972
Epoch 100/200
25121/25121 [==============================] - 1s - loss: 1.2937 - acc: 0.5075 - val_loss: 1.8041 - val_acc: 0.3046
Epoch 101/200
25121/25121 [==============================] - 1s - loss: 1.2910 - acc: 0.5109 - val_loss: 1.7221 - val_acc: 0.3442
Epoch 102/200
25121/25121 [==============================] - 1s - loss: 1.2859 - acc: 0.5096 - val_loss: 1.5723 - val_acc: 0.3835
Epoch 103/200
25121/25121 [==============================] - 1s - loss: 1.2770 - acc: 0.5139 - val_loss: 1.5829 - val_acc: 0.3888
Epoch 104/200
25121/25121 [==============================] - 2s - loss: 1.2721 - acc: 0.5183 - val_loss: 1.6408 - val_acc: 0.3785
Epoch 105/200
25121/25121 [==============================] - 1s - loss: 1.2790 - acc: 0.5155 - val_loss: 1.5625 - val_acc: 0.3941
Epoch 106/200
25121/25121 [==============================] - 1s - loss: 1.2681 - acc: 0.5174 - val_loss: 1.6412 - val_acc: 0.3827
Epoch 107/200
25121/25121 [==============================] - 1s - loss: 1.2657 - acc: 0.5173 - val_loss: 1.6460 - val_acc: 0.3785
Epoch 108/200
25121/25121 [==============================] - 2s - loss: 1.2640 - acc: 0.5199 - val_loss: 1.7063 - val_acc: 0.3779
Epoch 109/200
25121/25121 [==============================] - 2s - loss: 1.2533 - acc: 0.5249 - val_loss: 1.5827 - val_acc: 0.3827
Epoch 110/200
25121/25121 [==============================] - 1s - loss: 1.2538 - acc: 0.5231 - val_loss: 1.6308 - val_acc: 0.3902
Epoch 111/200
25121/25121 [==============================] - 1s - loss: 1.2442 - acc: 0.5292 - val_loss: 1.5647 - val_acc: 0.4036
Epoch 112/200
25121/25121 [==============================] - 1s - loss: 1.2459 - acc: 0.5256 - val_loss: 1.6369 - val_acc: 0.3843
Epoch 113/200
25121/25121 [==============================] - 1s - loss: 1.2323 - acc: 0.5301 - val_loss: 1.6244 - val_acc: 0.3913
Epoch 114/200
25121/25121 [==============================] - 1s - loss: 1.2303 - acc: 0.5353 - val_loss: 1.5637 - val_acc: 0.4091
Epoch 115/200
25121/25121 [==============================] - 2s - loss: 1.2330 - acc: 0.5274 - val_loss: 1.6276 - val_acc: 0.3796
Epoch 116/200
25121/25121 [==============================] - 1s - loss: 1.2242 - acc: 0.5317 - val_loss: 1.7228 - val_acc: 0.3244
Epoch 117/200
25121/25121 [==============================] - 2s - loss: 1.2182 - acc: 0.5338 - val_loss: 1.6509 - val_acc: 0.3910
Epoch 118/200
25121/25121 [==============================] - 2s - loss: 1.2151 - acc: 0.5386 - val_loss: 1.6302 - val_acc: 0.3905
Epoch 119/200
25121/25121 [==============================] - 1s - loss: 1.2180 - acc: 0.5373 - val_loss: 1.6637 - val_acc: 0.3779
Epoch 120/200
25121/25121 [==============================] - 2s - loss: 1.2089 - acc: 0.5451 - val_loss: 1.6492 - val_acc: 0.3933
Epoch 121/200
25121/25121 [==============================] - 1s - loss: 1.1942 - acc: 0.5487 - val_loss: 1.6244 - val_acc: 0.3910
Epoch 122/200
25121/25121 [==============================] - 2s - loss: 1.2015 - acc: 0.5467 - val_loss: 1.6564 - val_acc: 0.3796
Epoch 123/200
25121/25121 [==============================] - 2s - loss: 1.1948 - acc: 0.5463 - val_loss: 1.5965 - val_acc: 0.4072
Epoch 124/200
25121/25121 [==============================] - 1s - loss: 1.1906 - acc: 0.5516 - val_loss: 1.6578 - val_acc: 0.3966
Epoch 125/200
25121/25121 [==============================] - 1s - loss: 1.1887 - acc: 0.5501 - val_loss: 1.6241 - val_acc: 0.3735
Epoch 126/200
25121/25121 [==============================] - 1s - loss: 1.1808 - acc: 0.5549 - val_loss: 1.6998 - val_acc: 0.3768
Epoch 127/200
25121/25121 [==============================] - 1s - loss: 1.1744 - acc: 0.5549 - val_loss: 1.6855 - val_acc: 0.3726
Epoch 128/200
25121/25121 [==============================] - 2s - loss: 1.1759 - acc: 0.5546 - val_loss: 1.7305 - val_acc: 0.3997
Epoch 129/200
25121/25121 [==============================] - 1s - loss: 1.1681 - acc: 0.5583 - val_loss: 1.5892 - val_acc: 0.4091
Epoch 130/200
25121/25121 [==============================] - 1s - loss: 1.1687 - acc: 0.5616 - val_loss: 1.6412 - val_acc: 0.3846
Epoch 131/200
25121/25121 [==============================] - 1s - loss: 1.1612 - acc: 0.5624 - val_loss: 1.6754 - val_acc: 0.3952
Epoch 132/200
25121/25121 [==============================] - 1s - loss: 1.1548 - acc: 0.5655 - val_loss: 1.7093 - val_acc: 0.3364
Epoch 133/200
25121/25121 [==============================] - 2s - loss: 1.1565 - acc: 0.5619 - val_loss: 1.7232 - val_acc: 0.3818
Epoch 134/200
25121/25121 [==============================] - 1s - loss: 1.1523 - acc: 0.5653 - val_loss: 1.5890 - val_acc: 0.4055
Epoch 135/200
25121/25121 [==============================] - 2s - loss: 1.1417 - acc: 0.5690 - val_loss: 1.6460 - val_acc: 0.3763
Epoch 136/200
25121/25121 [==============================] - 2s - loss: 1.1370 - acc: 0.5721 - val_loss: 1.6488 - val_acc: 0.4055
Epoch 137/200
25121/25121 [==============================] - 2s - loss: 1.1356 - acc: 0.5715 - val_loss: 1.6655 - val_acc: 0.3868
Epoch 138/200
25121/25121 [==============================] - 1s - loss: 1.1355 - acc: 0.5725 - val_loss: 1.7553 - val_acc: 0.3665
Epoch 139/200
25121/25121 [==============================] - 1s - loss: 1.1281 - acc: 0.5755 - val_loss: 1.5810 - val_acc: 0.4228
Epoch 140/200
25121/25121 [==============================] - 2s - loss: 1.1320 - acc: 0.5717 - val_loss: 1.7261 - val_acc: 0.3802
Epoch 141/200
25121/25121 [==============================] - 2s - loss: 1.1227 - acc: 0.5778 - val_loss: 1.7175 - val_acc: 0.3726
Epoch 142/200
25121/25121 [==============================] - 2s - loss: 1.1170 - acc: 0.5775 - val_loss: 1.5991 - val_acc: 0.4144
Epoch 143/200
25121/25121 [==============================] - 1s - loss: 1.1154 - acc: 0.5822 - val_loss: 1.7581 - val_acc: 0.3531
Epoch 144/200
25121/25121 [==============================] - 2s - loss: 1.1145 - acc: 0.5821 - val_loss: 1.6000 - val_acc: 0.4189
Epoch 145/200
25121/25121 [==============================] - 1s - loss: 1.1087 - acc: 0.5798 - val_loss: 1.6692 - val_acc: 0.3855
Epoch 146/200
25121/25121 [==============================] - 1s - loss: 1.1010 - acc: 0.5894 - val_loss: 1.7652 - val_acc: 0.3846
Epoch 147/200
25121/25121 [==============================] - 1s - loss: 1.1010 - acc: 0.5866 - val_loss: 1.6118 - val_acc: 0.4158
Epoch 148/200
25121/25121 [==============================] - 1s - loss: 1.0915 - acc: 0.5916 - val_loss: 1.7706 - val_acc: 0.3905
Epoch 149/200
25121/25121 [==============================] - 2s - loss: 1.0869 - acc: 0.5929 - val_loss: 1.6731 - val_acc: 0.3902
Epoch 150/200
25121/25121 [==============================] - 2s - loss: 1.0894 - acc: 0.5927 - val_loss: 1.6115 - val_acc: 0.4270
Epoch 151/200
25121/25121 [==============================] - 2s - loss: 1.0823 - acc: 0.5928 - val_loss: 1.7303 - val_acc: 0.3930
Epoch 152/200
25121/25121 [==============================] - 1s - loss: 1.0882 - acc: 0.5897 - val_loss: 1.6558 - val_acc: 0.3963
Epoch 153/200
25121/25121 [==============================] - 1s - loss: 1.0703 - acc: 0.6000 - val_loss: 1.7790 - val_acc: 0.3601
Epoch 154/200
25121/25121 [==============================] - 1s - loss: 1.0752 - acc: 0.5960 - val_loss: 1.6840 - val_acc: 0.4041
Epoch 155/200
25121/25121 [==============================] - 2s - loss: 1.0723 - acc: 0.5984 - val_loss: 1.6535 - val_acc: 0.4027
Epoch 156/200
25121/25121 [==============================] - 1s - loss: 1.0644 - acc: 0.6009 - val_loss: 1.6872 - val_acc: 0.3955
Epoch 157/200
25121/25121 [==============================] - 1s - loss: 1.0685 - acc: 0.5993 - val_loss: 1.7281 - val_acc: 0.3952
Epoch 158/200
25121/25121 [==============================] - 1s - loss: 1.0561 - acc: 0.6057 - val_loss: 1.7774 - val_acc: 0.3785
Epoch 159/200
25121/25121 [==============================] - 2s - loss: 1.0551 - acc: 0.6061 - val_loss: 1.6828 - val_acc: 0.4167
Epoch 160/200
25121/25121 [==============================] - 2s - loss: 1.0462 - acc: 0.6106 - val_loss: 1.7735 - val_acc: 0.3924
Epoch 161/200
25121/25121 [==============================] - 2s - loss: 1.0530 - acc: 0.6037 - val_loss: 1.6447 - val_acc: 0.4164
Epoch 162/200
25121/25121 [==============================] - 1s - loss: 1.0472 - acc: 0.6079 - val_loss: 1.6597 - val_acc: 0.4158
Epoch 163/200
25121/25121 [==============================] - 1s - loss: 1.0449 - acc: 0.6088 - val_loss: 1.7004 - val_acc: 0.4077
Epoch 164/200
25121/25121 [==============================] - 1s - loss: 1.0338 - acc: 0.6149 - val_loss: 1.7014 - val_acc: 0.3935
Epoch 165/200
25121/25121 [==============================] - 1s - loss: 1.0317 - acc: 0.6128 - val_loss: 1.7971 - val_acc: 0.3852
Epoch 166/200
25121/25121 [==============================] - 2s - loss: 1.0360 - acc: 0.6139 - val_loss: 1.7567 - val_acc: 0.4005
Epoch 167/200
25121/25121 [==============================] - 1s - loss: 1.0315 - acc: 0.6157 - val_loss: 1.8391 - val_acc: 0.3531
Epoch 168/200
25121/25121 [==============================] - 2s - loss: 1.0264 - acc: 0.6168 - val_loss: 1.7816 - val_acc: 0.3793
Epoch 169/200
25121/25121 [==============================] - 1s - loss: 1.0199 - acc: 0.6232 - val_loss: 1.7427 - val_acc: 0.3955
Epoch 170/200
25121/25121 [==============================] - 1s - loss: 1.0195 - acc: 0.6214 - val_loss: 1.7905 - val_acc: 0.4022
Epoch 171/200
25121/25121 [==============================] - 1s - loss: 1.0089 - acc: 0.6206 - val_loss: 1.7611 - val_acc: 0.3871
Epoch 172/200
25121/25121 [==============================] - 2s - loss: 1.0055 - acc: 0.6209 - val_loss: 1.7668 - val_acc: 0.3997
Epoch 173/200
25121/25121 [==============================] - 2s - loss: 1.0097 - acc: 0.6242 - val_loss: 1.8538 - val_acc: 0.3545
Epoch 174/200
25121/25121 [==============================] - 1s - loss: 1.0050 - acc: 0.6248 - val_loss: 1.7109 - val_acc: 0.4144
Epoch 175/200
25121/25121 [==============================] - 1s - loss: 0.9986 - acc: 0.6296 - val_loss: 1.6476 - val_acc: 0.4178
Epoch 176/200
25121/25121 [==============================] - 2s - loss: 1.0017 - acc: 0.6259 - val_loss: 1.7194 - val_acc: 0.3919
Epoch 177/200
25121/25121 [==============================] - 1s - loss: 0.9928 - acc: 0.6323 - val_loss: 1.7189 - val_acc: 0.4025
Epoch 178/200
25121/25121 [==============================] - 2s - loss: 0.9901 - acc: 0.6318 - val_loss: 1.7748 - val_acc: 0.3860
Epoch 179/200
25121/25121 [==============================] - 1s - loss: 0.9845 - acc: 0.6349 - val_loss: 1.6956 - val_acc: 0.3969
Epoch 180/200
25121/25121 [==============================] - 1s - loss: 0.9877 - acc: 0.6329 - val_loss: 1.8323 - val_acc: 0.3885
Epoch 181/200
25121/25121 [==============================] - 2s - loss: 0.9832 - acc: 0.6359 - val_loss: 1.6557 - val_acc: 0.4111
Epoch 182/200
25121/25121 [==============================] - 1s - loss: 0.9729 - acc: 0.6353 - val_loss: 1.7618 - val_acc: 0.3868
Epoch 183/200
25121/25121 [==============================] - 1s - loss: 0.9751 - acc: 0.6363 - val_loss: 1.8048 - val_acc: 0.3712
Epoch 184/200
25121/25121 [==============================] - 1s - loss: 0.9677 - acc: 0.6367 - val_loss: 1.7419 - val_acc: 0.3910
Epoch 185/200
25121/25121 [==============================] - 1s - loss: 0.9679 - acc: 0.6384 - val_loss: 1.7826 - val_acc: 0.4195
Epoch 186/200
25121/25121 [==============================] - 2s - loss: 0.9728 - acc: 0.6382 - val_loss: 1.7015 - val_acc: 0.4267
Epoch 187/200
25121/25121 [==============================] - 2s - loss: 0.9540 - acc: 0.6446 - val_loss: 1.8580 - val_acc: 0.3743
Epoch 188/200
25121/25121 [==============================] - 1s - loss: 0.9597 - acc: 0.6453 - val_loss: 1.6941 - val_acc: 0.4047
Epoch 189/200
25121/25121 [==============================] - 1s - loss: 0.9621 - acc: 0.6396 - val_loss: 1.8437 - val_acc: 0.4119
Epoch 190/200
25121/25121 [==============================] - 1s - loss: 0.9546 - acc: 0.6438 - val_loss: 1.7158 - val_acc: 0.4273
Epoch 191/200
25121/25121 [==============================] - 1s - loss: 0.9577 - acc: 0.6437 - val_loss: 1.9261 - val_acc: 0.3645
Epoch 192/200
25121/25121 [==============================] - 2s - loss: 0.9448 - acc: 0.6486 - val_loss: 1.8235 - val_acc: 0.4158
Epoch 193/200
25121/25121 [==============================] - 1s - loss: 0.9521 - acc: 0.6467 - val_loss: 1.7291 - val_acc: 0.4116
Epoch 194/200
25121/25121 [==============================] - 1s - loss: 0.9375 - acc: 0.6512 - val_loss: 1.7963 - val_acc: 0.4061
Epoch 195/200
25121/25121 [==============================] - 1s - loss: 0.9370 - acc: 0.6540 - val_loss: 1.9181 - val_acc: 0.3665
Epoch 196/200
25121/25121 [==============================] - 1s - loss: 0.9460 - acc: 0.6513 - val_loss: 1.8756 - val_acc: 0.3891
Epoch 197/200
25121/25121 [==============================] - 1s - loss: 0.9414 - acc: 0.6505 - val_loss: 1.8206 - val_acc: 0.3654
Epoch 198/200
25121/25121 [==============================] - 1s - loss: 0.9266 - acc: 0.6566 - val_loss: 1.8202 - val_acc: 0.3991
Epoch 199/200
25121/25121 [==============================] - 1s - loss: 0.9314 - acc: 0.6540 - val_loss: 1.8868 - val_acc: 0.3891
Epoch 200/200
25121/25121 [==============================] - 1s - loss: 0.9320 - acc: 0.6564 - val_loss: 1.8643 - val_acc: 0.3905
Test accuracy: 0.390468227425